2026-03-03 09:56:39,928 - INFO - 使用 User-Agent: Mozilla/5.0 (Windows NT 10.0; Win64; x64) AppleWebKit/537.36 (KHTML, like Gecko) Chrome/120.0.0.0 Safari/537.36
2026-03-03 09:56:39,930 - INFO - ====== WebDriver manager ======
2026-03-03 09:56:42,700 - INFO - Get LATEST chromedriver version for google-chrome
2026-03-03 09:56:43,902 - INFO - Get LATEST chromedriver version for google-chrome
2026-03-03 09:56:44,804 - INFO - There is no [win64] chromedriver "145.0.7632.117" for browser google-chrome "145.0.7632" in cache
2026-03-03 09:56:44,806 - INFO - Get LATEST chromedriver version for google-chrome
2026-03-03 09:56:46,965 - INFO - WebDriver version 145.0.7632.117 selected
2026-03-03 09:56:46,978 - INFO - Modern chrome version https://storage.googleapis.com/chrome-for-testing-public/145.0.7632.117/win32/chromedriver-win32.zip
2026-03-03 09:56:46,978 - INFO - About to download new driver from https://storage.googleapis.com/chrome-for-testing-public/145.0.7632.117/win32/chromedriver-win32.zip
2026-03-03 09:56:47,837 - INFO - Driver downloading response is 200
2026-03-03 09:56:52,336 - INFO - Get LATEST chromedriver version for google-chrome
2026-03-03 09:56:53,457 - INFO - Driver has been saved in cache [C:\Users\USER\.wdm\drivers\chromedriver\win64\145.0.7632.117]
2026-03-03 09:56:58,756 - INFO - Chrome瀏覽器已成功啟動（反偵測模式）
2026-03-03 09:57:06,892 - INFO - 🎯 找到 95 個活動，開始即時處理...
2026-03-03 09:57:06,893 - INFO - 處理活動 1：https://tixcraft.com/activity/detail/26_ggteens
2026-03-03 09:57:13,269 - INFO - 開始暴力監控 dataLayer，最多等待5秒...
2026-03-03 09:57:13,346 - INFO - 🎯 第1次嘗試成功！找到dataLayer數據: 公館青少年
2026-03-03 09:57:15,677 - INFO -   [JS優先] 使用標題: 公館青少年
2026-03-03 09:57:15,689 - INFO -   標題：公館青少年
2026-03-03 09:57:15,690 - INFO -   JS分類：亞洲流行音樂
2026-03-03 09:57:15,690 - INFO -   遊戲代碼：26_ggteens
2026-03-03 09:57:15,690 - INFO -   主辦方：遠雄創藝事業股份有限公司
2026-03-03 09:57:15,691 - INFO -   演出資訊：日期｜2026/07/25（六） ; 時間｜18:30 ; 售票日期｜03/04（三）12:00 ; * 1F VIP序號起始號為1號，1F GA序號起始號為201號，兩種票券將不會有實體的區域間隔。屆時入場將按照序號整隊，請務必於演出日前至遠雄創藝粉專詳讀入場辦法，如您未能於公布的整隊時間內報到整隊，將視同放棄您的序號優先權利，需按照現場工作人員指示依現場隊伍順序入場。
2026-03-03 09:57:15,691 - INFO -   地點：公館青少年 GGteens 成立於2021年，曾參與台灣祭、大港開唱、浮現祭、浪人祭等音樂節演出，並... ; 公館青少年 GGteens 2026 年度專場青少年之後
2026-03-03 09:57:15,691 - INFO -   票價：-VIP NT$1,600 (含 1:5合照、簽名會) ; -GA NT$1,300 ; -GA 雙人套票 NT$2,400 ; -NT$ 1,400 ; -NT$1,100 ; 身障席 NT$800
2026-03-03 09:57:15,691 - INFO -   售票時間：售票日期｜03/04（三）12:00
2026-03-03 09:57:15,692 - INFO - 檔案 tixcraft_activities.json 不存在，將建立新檔案
2026-03-03 09:57:15,694 - INFO - 💾 已同步至 JSON 檔案，目前進度：1/95 (1.1%)
2026-03-03 09:57:15,695 - INFO - 📊 本次成功：1，整體成功率：100.0%
2026-03-03 09:57:19,334 - INFO - 處理活動 2：https://tixcraft.com/activity/detail/26_fujirock
2026-03-03 09:57:25,580 - INFO - 開始暴力監控 dataLayer，最多等待5秒...
2026-03-03 09:57:25,606 - INFO - 🎯 第1次嘗試成功！找到dataLayer數據: Fuji Rock
2026-03-03 09:57:27,242 - INFO -   [JS優先] 使用標題: Fuji Rock
2026-03-03 09:57:27,249 - INFO -   標題：Fuji Rock
2026-03-03 09:57:27,249 - INFO -   JS分類：音樂節
2026-03-03 09:57:27,250 - INFO -   遊戲代碼：26_fujirock
2026-03-03 09:57:27,250 - INFO -   主辦方：Basement Movement Co., LTD
2026-03-03 09:57:27,250 - INFO -   演出資訊：活動日期：2026/07/24(五), 07/25(六), 07/26(日) ; 官方預售開賣時間：2026/02/20(五) 11:00~2026/05/15(五) 22:00 ; 普通銷售開賣時間：2026/05/16(六) ~ ; 在2026年7月26日時未滿15歲的顧客為對象。（需要出示附照片身份證明）
2026-03-03 09:57:27,251 - INFO -   地點：活動地點：新潟縣苗場滑雪場（新潟湯澤町） ; 7. 本活動之演出場地於日本，凡舉票券退換、遺失等處理機制皆應依據當地票券相關規定辦理，本活動票券售出即不可
2026-03-03 09:57:27,251 - INFO -   票價：票價說明
2026-03-03 09:57:27,251 - INFO -   售票時間：官方預售開賣時間：2026/02/20(五) 11:00~2026/05/15(五) 22:00 ; 普通銷售開賣時間：2026/05/16(六) ~ ; 2. 請從正規售票處購買門票。
2026-03-03 09:57:27,252 - INFO - 成功載入現有資料：1 個活動
2026-03-03 09:57:27,253 - INFO - 資料合併完成：更新 0 個活動，新增 1 個活動，總計 2 個活動
2026-03-03 09:57:27,254 - INFO - 💾 已同步至 JSON 檔案，目前進度：2/95 (2.1%)
2026-03-03 09:57:27,255 - INFO - 📊 本次成功：2，整體成功率：100.0%
2026-03-03 09:57:30,850 - INFO - 處理活動 3：https://tixcraft.com/activity/detail/26_mltr
2026-03-03 09:57:38,244 - INFO - 開始暴力監控 dataLayer，最多等待5秒...
2026-03-03 09:57:38,261 - INFO - 🎯 第1次嘗試成功！找到dataLayer數據: Michael Learns to Rock
2026-03-03 09:57:39,838 - INFO -   [JS優先] 使用標題: Michael Learns to Rock
2026-03-03 09:57:39,846 - INFO -   標題：Michael Learns to Rock
2026-03-03 09:57:39,846 - INFO -   JS分類：西方流行音樂
2026-03-03 09:57:39,847 - INFO -   遊戲代碼：26_mltr
2026-03-03 09:57:39,847 - INFO -   主辦方：非比娛樂有限公司
2026-03-03 09:57:39,847 - INFO -   演出資訊：演出時間：2026/07/05（日）19:00 (實際演出以現場為準) ; 售票時間： ; •⁠⁠ 預 售：2026/01/12（一）10:00-22:00 ; •⁠ 全面開賣：2026/01/13（二）10:00
2026-03-03 09:57:39,848 - INFO -   地點：演出地點： 高雄流行音樂中心海音館
2026-03-03 09:57:39,848 - INFO -   票價：票 價：VVIP 8,800 元／VIP 5,800 元／CAT1 4,800 元／CAT2 3,600 元／CAT3 2,800 元／CAT4 2,200 元／身障席 2,400 元
2026-03-03 09:57:39,848 - INFO -   售票時間：•⁠ 全面開賣：2026/01/13（二）10:00 ; ▪️ 預售購票需事先完成登記
2026-03-03 09:57:39,870 - INFO - 成功載入現有資料：2 個活動
2026-03-03 09:57:39,871 - INFO - 資料合併完成：更新 0 個活動，新增 1 個活動，總計 3 個活動
2026-03-03 09:57:39,873 - INFO - 💾 已同步至 JSON 檔案，目前進度：3/95 (3.2%)
2026-03-03 09:57:39,873 - INFO - 📊 本次成功：3，整體成功率：100.0%
2026-03-03 09:57:43,867 - INFO - 處理活動 4：https://tixcraft.com/activity/detail/26_kamenashi
2026-03-03 09:57:52,040 - INFO - 開始暴力監控 dataLayer，最多等待5秒...
2026-03-03 09:57:52,102 - INFO - 🎯 第1次嘗試成功！找到dataLayer數據: 龜梨和也
2026-03-03 09:57:54,271 - INFO -   [JS優先] 使用標題: 龜梨和也
2026-03-03 09:57:54,274 - INFO -   標題：龜梨和也
2026-03-03 09:57:54,274 - INFO -   JS分類：亞洲流行音樂
2026-03-03 09:57:54,274 - INFO -   遊戲代碼：26_kamenashi
2026-03-03 09:57:54,275 - INFO -   主辦方：香港商光尚娛樂亞洲有限公司台灣分公司
2026-03-03 09:57:54,275 - INFO -   演出資訊：演出日期｜2026年6月27日(六) ; 演出時間｜17:00 (實際演出時間以現場公告為準) ; 售票時間｜2026年3月7日(六) 12:00
2026-03-03 09:57:54,275 - INFO -   地點：演出地點｜高雄流行音樂中心(海音館)
2026-03-03 09:57:54,275 - INFO -   票價：活動票價｜NT$5,200元 / NT$4,600元 / NT$4,200元 / NT$3,800元 / 身障席NT$2,100元
2026-03-03 09:57:54,276 - INFO -   售票時間：售票系統｜拓元售票系統 ; 售票時間｜2026年3月7日(六) 12:00
2026-03-03 09:57:54,276 - INFO - 成功載入現有資料：3 個活動
2026-03-03 09:57:54,277 - INFO - 資料合併完成：更新 0 個活動，新增 1 個活動，總計 4 個活動
2026-03-03 09:57:54,278 - INFO - 💾 已同步至 JSON 檔案，目前進度：4/95 (4.2%)
2026-03-03 09:57:54,279 - INFO - 📊 本次成功：4，整體成功率：100.0%
2026-03-03 09:57:56,695 - INFO - 處理活動 5：https://tixcraft.com/activity/detail/26_anson_v
2026-03-03 09:58:03,904 - INFO - 開始暴力監控 dataLayer，最多等待5秒...
2026-03-03 09:58:03,942 - INFO - 🎯 第1次嘗試成功！找到dataLayer數據: Anson Seabra
2026-03-03 09:58:06,352 - INFO -   [JS優先] 使用標題: Anson Seabra
2026-03-03 09:58:06,358 - INFO -   標題：Anson Seabra
2026-03-03 09:58:06,359 - INFO -   JS分類：西方流行音樂
2026-03-03 09:58:06,359 - INFO -   遊戲代碼：26_anson_v
2026-03-03 09:58:06,359 - INFO -   主辦方：理想國演藝股份有限公司
2026-03-03 09:58:06,359 - INFO -   演出資訊：2026/ 05/ 25（一）20:00 ; VIP活動相關時間 : 請於演出日前至Live Nation Taiwan官方網站及社群確認VIP入場辦法 ; DATE：2026/ 5/ 25（一）20:00 ; 開賣時間Public on sale : ; 2026/01/19 (一) 11:00AM ; * 更多節目及活動資訊More Event Info: www.livenation.com.tw ; * VIP活動，請依照「升級VIP」券上的序號整隊排隊入場，如未能於公布的整隊時間內報到整隊，將視同放棄您的序號優先權利，須按照現場工作人員指示，依現場隊伍順序入場。為維護所有人的權益，序號數字大的不得要求往前與序號數字小的親友一同排隊，序號數字小的可以往後與序號數字大的親友一同排隊。
2026-03-03 09:58:06,360 - INFO -   地點：地點：Legacy Taipei ; VENUE：Legacy Taipei
2026-03-03 09:58:06,360 - INFO -   票價：NT$ 2,600
2026-03-03 09:58:06,361 - INFO -   售票時間：開賣時間Public on sale :
2026-03-03 09:58:06,381 - INFO - 成功載入現有資料：4 個活動
2026-03-03 09:58:06,382 - INFO - 資料合併完成：更新 0 個活動，新增 1 個活動，總計 5 個活動
2026-03-03 09:58:06,384 - INFO - 💾 已同步至 JSON 檔案，目前進度：5/95 (5.3%)
2026-03-03 09:58:06,384 - INFO - 📊 本次成功：5，整體成功率：100.0%
2026-03-03 09:58:10,034 - INFO - ⏸️  已處理 5 個活動，休息 11.4 秒以避免被封鎖...
2026-03-03 09:58:21,410 - INFO - 處理活動 6：https://tixcraft.com/activity/detail/26_anson_c
2026-03-03 09:58:28,741 - INFO - 開始暴力監控 dataLayer，最多等待5秒...
2026-03-03 09:58:28,780 - INFO - 🎯 第1次嘗試成功！找到dataLayer數據: Anson Seabra
2026-03-03 09:58:30,826 - INFO -   [JS優先] 使用標題: Anson Seabra
2026-03-03 09:58:30,836 - INFO -   標題：Anson Seabra
2026-03-03 09:58:30,837 - INFO -   JS分類：西方流行音樂
2026-03-03 09:58:30,837 - INFO -   遊戲代碼：26_anson_c
2026-03-03 09:58:30,837 - INFO -   主辦方：理想國演藝股份有限公司
2026-03-03 09:58:30,837 - INFO -   演出資訊：2026/ 05/ 25（一）20:00 ; 實際時間請依現場公告為準。 ; 請務必於演出日前 LIVE NATION TAIWAN官方網站 及社群平台，詳讀確認演唱會入場時間流程及相關規範，以免損害自身權益。 ; 演出時間不等於 VIP 福利活動報到時間，請務必於演出日前至 LIVE NATION TAIWAN官方網站及社群平台詳讀活動入場時間及相關流程，以免損害權益。 ; DATE：2026/5/25 (MON) 20:00 ; 2026/01/19 (一) 11:00 ~ 2026/01/20 (二) 11:00 ; TIME: 2026/01/19 (MON) 11:00 ~ 2026/01/20 (TUE) 11:00 ; *更多節目及活動資訊: www.livenation.com.tw
2026-03-03 09:58:30,838 - INFO -   地點：5 月 25 日 Legacy Taipei 溫暖開唱 ; 地點：Legacy Taipei
2026-03-03 09:58:30,838 - INFO -   票價：票價：NT$ 1,980 / 990 (身障優惠票) ; 購買前請注意，本節目每張票券外加系統服務費200元。 ; PRICE：NT$ 1,980 ; *Please note before purchasing - there will be an additional NT$200 system service fee for each ticket.
2026-03-03 09:58:30,838 - INFO -   售票時間：DBS Mastercard Presale
2026-03-03 09:58:30,863 - INFO - 成功載入現有資料：5 個活動
2026-03-03 09:58:30,864 - INFO - 資料合併完成：更新 0 個活動，新增 1 個活動，總計 6 個活動
2026-03-03 09:58:30,866 - INFO - 💾 已同步至 JSON 檔案，目前進度：6/95 (6.3%)
2026-03-03 09:58:30,867 - INFO - 📊 本次成功：6，整體成功率：100.0%
